<?xml version="1.0" encoding="UTF-8"?>
<testng-results skipped="0" failed="0" ignored="0" total="1" passed="1">
  <reporter-output>
    <line>
      <![CDATA[====conected to database===]]>
    </line>
    <line>
      <![CDATA[TY_PROJ_1237]]>
    </line>
    <line>
      <![CDATA[===database connection closed====]]>
    </line>
  </reporter-output>
  <suite name="Default suite" duration-ms="2833" started-at="2022-08-11T11:09:26 IST" finished-at="2022-08-11T11:09:29 IST">
    <groups>
    </groups>
    <test name="Default test" duration-ms="2833" started-at="2022-08-11T11:09:26 IST" finished-at="2022-08-11T11:09:29 IST">
      <class name="EndToEndSenarios.CreateProjectAndVerifyInDatabase">
        <test-method status="PASS" signature="configBS()[pri:0, instance:EndToEndSenarios.CreateProjectAndVerifyInDatabase@e720b71]" name="configBS" is-config="true" duration-ms="826" started-at="2022-08-11T11:09:25 IST" finished-at="2022-08-11T11:09:26 IST">
          <reporter-output>
            <line>
              <![CDATA[====conected to database===]]>
            </line>
          </reporter-output>
        </test-method> <!-- configBS -->
        <test-method status="PASS" signature="createProjectVerifyDatabase()[pri:0, instance:EndToEndSenarios.CreateProjectAndVerifyInDatabase@e720b71]" name="createProjectVerifyDatabase" duration-ms="2767" started-at="2022-08-11T11:09:26 IST" finished-at="2022-08-11T11:09:29 IST">
          <reporter-output>
            <line>
              <![CDATA[TY_PROJ_1237]]>
            </line>
          </reporter-output>
        </test-method> <!-- createProjectVerifyDatabase -->
        <test-method status="PASS" signature="configAS()[pri:0, instance:EndToEndSenarios.CreateProjectAndVerifyInDatabase@e720b71]" name="configAS" is-config="true" duration-ms="9" started-at="2022-08-11T11:09:29 IST" finished-at="2022-08-11T11:09:29 IST">
          <reporter-output>
            <line>
              <![CDATA[===database connection closed====]]>
            </line>
          </reporter-output>
        </test-method> <!-- configAS -->
      </class> <!-- EndToEndSenarios.CreateProjectAndVerifyInDatabase -->
    </test> <!-- Default test -->
  </suite> <!-- Default suite -->
</testng-results>
